<?xml version="1.0" encoding="UTF-8"?>
<testng-results skipped="0" failed="0" ignored="0" total="1" passed="1">
  <reporter-output>
  </reporter-output>
  <suite name="Default suite" duration-ms="7384" started-at="2020-04-04T12:45:19Z" finished-at="2020-04-04T12:45:26Z">
    <groups>
    </groups>
    <test name="Default test" duration-ms="7384" started-at="2020-04-04T12:45:19Z" finished-at="2020-04-04T12:45:26Z">
      <class name="stepDefination.APIStepDefination">
        <test-method status="PASS" signature="getTheAPIResponce()[pri:0, instance:stepDefination.APIStepDefination@3abbfa04]" name="getTheAPIResponce" duration-ms="7361" started-at="2020-04-04T18:15:19Z" finished-at="2020-04-04T18:15:26Z">
          <reporter-output>
          </reporter-output>
        </test-method> <!-- getTheAPIResponce -->
      </class> <!-- stepDefination.APIStepDefination -->
    </test> <!-- Default test -->
  </suite> <!-- Default suite -->
</testng-results>
